Base path: C:/Program Files/Unity/Editor/Data
Pipe name: \\.\pipe\UnityShaderCompiler-64bit-4-36340
Cmd: getPlatforms
Cmd: compileSnippet
  api=1 type=1 insize=7025 outsize=605 kw=DIRECTIONAL SHADOWS_SCREEN LIGHTMAP_OFF DIRLIGHTMAP_OFF DYNAMICLIGHTMAP_OFF ok=1
Cmd: compileSnippet
  api=1 type=0 insize=3820 outsize=339 kw=SPOT ok=1
Cmd: compileSnippet
  api=1 type=1 insize=3820 outsize=744 kw=POINT_COOKIE ok=1
Cmd: compileSnippet
  api=1 type=0 insize=6143 outsize=595 kw=LIGHTMAP_OFF DIRLIGHTMAP_OFF DYNAMICLIGHTMAP_OFF UNITY_HDR_ON ok=1
Cmd: compileSnippet
  api=1 type=0 insize=7523 outsize=1155 kw=DIRECTIONAL SHADOWS_SCREEN LIGHTMAP_OFF DIRLIGHTMAP_OFF DYNAMICLIGHTMAP_OFF ok=1
Cmd: compileSnippet
  api=1 type=0 insize=4918 outsize=819 kw=POINT_COOKIE ok=1
Cmd: compileSnippet
  api=1 type=1 insize=4918 outsize=1067 kw=POINT_COOKIE ok=1
Cmd: compileSnippet
  api=1 type=0 insize=7321 outsize=1609 kw=DIRECTIONAL SHADOWS_SCREEN LIGHTMAP_OFF DIRLIGHTMAP_OFF DYNAMICLIGHTMAP_OFF VERTEXLIGHT_ON ok=1
Cmd: compileSnippet
  api=1 type=0 insize=4905 outsize=725 kw=SPOT ok=1
Cmd: compileSnippet
  api=1 type=1 insize=4905 outsize=849 kw=DIRECTIONAL ok=1
Cmd: compileSnippet
  api=1 type=0 insize=7896 outsize=1481 kw=DIRECTIONAL SHADOWS_OFF LIGHTMAP_OFF DIRLIGHTMAP_OFF DYNAMICLIGHTMAP_OFF VERTEXLIGHT_ON ok=1
Cmd: compileSnippet
  api=1 type=1 insize=7896 outsize=844 kw=DIRECTIONAL SHADOWS_SCREEN LIGHTMAP_OFF DIRLIGHTMAP_OFF DYNAMICLIGHTMAP_OFF ok=1
Cmd: compileSnippet
  api=1 type=0 insize=5060 outsize=725 kw=SPOT ok=1
Cmd: compileSnippet
  api=1 type=1 insize=5060 outsize=901 kw=SPOT ok=1
Cmd: compileSnippet
  api=1 type=0 insize=7146 outsize=1084 kw=LIGHTMAP_OFF DIRLIGHTMAP_OFF DYNAMICLIGHTMAP_OFF UNITY_HDR_ON ok=1
Cmd: compileSnippet
  api=1 type=0 insize=7732 outsize=956 kw=LIGHTMAP_OFF DIRLIGHTMAP_OFF DYNAMICLIGHTMAP_OFF UNITY_HDR_ON ok=1
Cmd: compileSnippet
  api=1 type=0 insize=7458 outsize=1175 kw=DIRECTIONAL SHADOWS_OFF LIGHTMAP_OFF DIRLIGHTMAP_OFF DYNAMICLIGHTMAP_OFF VERTEXLIGHT_ON ok=1
Cmd: compileSnippet
  api=1 type=0 insize=4021 outsize=339 kw=SPOT ok=1
Cmd: compileSnippet
  api=1 type=1 insize=4021 outsize=859 kw=SPOT ok=1
Cmd: compileSnippet
  api=1 type=0 insize=6488 outsize=808 kw=LIGHTMAP_OFF DIRLIGHTMAP_OFF DYNAMICLIGHTMAP_OFF UNITY_HDR_ON ok=1
Cmd: compileSnippet
  api=1 type=0 insize=6522 outsize=696 kw=LIGHTMAP_OFF DIRLIGHTMAP_OFF DYNAMICLIGHTMAP_OFF UNITY_HDR_ON ok=1
Cmd: compileSnippet
  api=1 type=0 insize=7990 outsize=1155 kw=DIRECTIONAL SHADOWS_SCREEN LIGHTMAP_OFF DIRLIGHTMAP_OFF DYNAMICLIGHTMAP_OFF ok=1
Cmd: compileSnippet
  api=1 type=0 insize=5181 outsize=819 kw=SPOT ok=1
Cmd: compileSnippet
  api=1 type=1 insize=5181 outsize=951 kw=DIRECTIONAL_COOKIE ok=1
Cmd: compileSnippet
  api=1 type=1 insize=1705 outsize=349 kw=SOFTPARTICLES_ON ok=1
Cmd: compileSnippet
  api=1 type=1 insize=1706 outsize=272 kw=SOFTPARTICLES_ON ok=1
Cmd: compileSnippet
  api=1 type=1 insize=1642 outsize=349 kw=SOFTPARTICLES_ON ok=1
Cmd: compileSnippet
  api=1 type=1 insize=577 outsize=97 kw=SHADOWS_CUBE ok=1
Cmd: compileSnippet
  api=1 type=0 insize=7137 outsize=1571 kw=DIRECTIONAL SHADOWS_OFF LIGHTMAP_OFF DIRLIGHTMAP_OFF DYNAMICLIGHTMAP_OFF VERTEXLIGHT_ON ok=1
Cmd: compileSnippet
  api=1 type=0 insize=6543 outsize=1087 kw=DIRECTIONAL SHADOWS_OFF LIGHTMAP_OFF DIRLIGHTMAP_OFF DYNAMICLIGHTMAP_OFF VERTEXLIGHT_ON ok=1
Cmd: compileSnippet
  api=1 type=0 insize=3811 outsize=339 kw=SPOT ok=1
Cmd: compileSnippet
  api=1 type=1 insize=3811 outsize=563 kw=SPOT ok=1
Cmd: compileSnippet
  api=1 type=0 insize=3569 outsize=339 kw=POINT_COOKIE ok=1
Cmd: compileSnippet
  api=1 type=1 insize=3569 outsize=330 kw=DIRECTIONAL_COOKIE ok=1
Cmd: compileSnippet
  error: 2 plat 1 at (14): failed to open source file: 'Shared.cginc'\nCompiling Vertex program with LIGHT_ON_SCREEN SPOT_SHAFTS
  api=1 type=0 insize=3030 outsize=0 kw=LIGHT_ON_SCREEN SPOT_SHAFTS ok=0
Cmd: compileSnippet
  error: 2 plat 1 at (14): failed to open source file: 'Shared.cginc'\nCompiling Fragment program with SPOT_SHAFTS LIGHT_OFF_SCREEN
  api=1 type=1 insize=3030 outsize=0 kw=SPOT_SHAFTS LIGHT_OFF_SCREEN ok=0
Cmd: compileSnippet
  error: 2 plat 1 at (23): failed to open source file: 'Shared.cginc'\nCompiling Vertex program with LIGHT_ON_SCREEN DIRECTIONAL_SHAFTS SHOW_SAMPLES_OFF QUAD_SHAFTS FLIP_WORKAROUND_OFF
  api=1 type=0 insize=7019 outsize=0 kw=LIGHT_ON_SCREEN DIRECTIONAL_SHAFTS SHOW_SAMPLES_OFF QUAD_SHAFTS FLIP_WORKAROUND_OFF ok=0
Cmd: compileSnippet
  error: 2 plat 1 at (23): failed to open source file: 'Shared.cginc'\nCompiling Vertex program with LIGHT_ON_SCREEN DIRECTIONAL_SHAFTS SHOW_SAMPLES_OFF FLIP_WORKAROUND_OFF FRUSTUM_SHAFTS
  api=1 type=0 insize=7019 outsize=0 kw=LIGHT_ON_SCREEN DIRECTIONAL_SHAFTS SHOW_SAMPLES_OFF FLIP_WORKAROUND_OFF FRUSTUM_SHAFTS ok=0
Cmd: compileSnippet
  error: 2 plat 1 at (23): failed to open source file: 'Shared.cginc'\nCompiling Vertex program with LIGHT_ON_SCREEN SPOT_SHAFTS SHOW_SAMPLES_OFF FLIP_WORKAROUND_ON FRUSTUM_SHAFTS
  api=1 type=0 insize=7019 outsize=0 kw=LIGHT_ON_SCREEN SPOT_SHAFTS SHOW_SAMPLES_OFF FLIP_WORKAROUND_ON FRUSTUM_SHAFTS ok=0
Cmd: compileSnippet
  error: 2 plat 1 at (23): failed to open source file: 'Shared.cginc'\nCompiling Vertex program with LIGHT_ON_SCREEN SPOT_SHAFTS QUAD_SHAFTS FLIP_WORKAROUND_OFF SHOW_SAMPLES_ON
  api=1 type=0 insize=7019 outsize=0 kw=LIGHT_ON_SCREEN SPOT_SHAFTS QUAD_SHAFTS FLIP_WORKAROUND_OFF SHOW_SAMPLES_ON ok=0
Cmd: compileSnippet
  error: 2 plat 1 at (23): failed to open source file: 'Shared.cginc'\nCompiling Vertex program with LIGHT_ON_SCREEN DIRECTIONAL_SHAFTS FLIP_WORKAROUND_ON FRUSTUM_SHAFTS SHOW_SAMPLES_ON
  api=1 type=0 insize=7019 outsize=0 kw=LIGHT_ON_SCREEN DIRECTIONAL_SHAFTS FLIP_WORKAROUND_ON FRUSTUM_SHAFTS SHOW_SAMPLES_ON ok=0
Cmd: compileSnippet
  error: 2 plat 1 at (23): failed to open source file: 'Shared.cginc'\nCompiling Vertex program with DIRECTIONAL_SHAFTS LIGHT_OFF_SCREEN SHOW_SAMPLES_OFF QUAD_SHAFTS FLIP_WORKAROUND_OFF
  api=1 type=0 insize=7019 outsize=0 kw=DIRECTIONAL_SHAFTS LIGHT_OFF_SCREEN SHOW_SAMPLES_OFF QUAD_SHAFTS FLIP_WORKAROUND_OFF ok=0
Cmd: compileSnippet
  error: 2 plat 1 at (23): failed to open source file: 'Shared.cginc'\nCompiling Vertex program with DIRECTIONAL_SHAFTS LIGHT_OFF_SCREEN QUAD_SHAFTS FLIP_WORKAROUND_OFF SHOW_SAMPLES_ON
  api=1 type=0 insize=7019 outsize=0 kw=DIRECTIONAL_SHAFTS LIGHT_OFF_SCREEN QUAD_SHAFTS FLIP_WORKAROUND_OFF SHOW_SAMPLES_ON ok=0
Cmd: compileSnippet
  error: 2 plat 1 at (23): failed to open source file: 'Shared.cginc'\nCompiling Vertex program with SPOT_SHAFTS LIGHT_OFF_SCREEN QUAD_SHAFTS FLIP_WORKAROUND_ON SHOW_SAMPLES_ON
  api=1 type=0 insize=7019 outsize=0 kw=SPOT_SHAFTS LIGHT_OFF_SCREEN QUAD_SHAFTS FLIP_WORKAROUND_ON SHOW_SAMPLES_ON ok=0
Cmd: compileSnippet
  error: 2 plat 1 at (23): failed to open source file: 'Shared.cginc'\nCompiling Vertex program with SPOT_SHAFTS LIGHT_OFF_SCREEN FLIP_WORKAROUND_OFF FRUSTUM_SHAFTS SHOW_SAMPLES_ON
  api=1 type=0 insize=7019 outsize=0 kw=SPOT_SHAFTS LIGHT_OFF_SCREEN FLIP_WORKAROUND_OFF FRUSTUM_SHAFTS SHOW_SAMPLES_ON ok=0
Cmd: compileSnippet
  error: 2 plat 1 at (23): failed to open source file: 'Shared.cginc'\nCompiling Fragment program with LIGHT_ON_SCREEN SPOT_SHAFTS SHOW_SAMPLES_OFF QUAD_SHAFTS FLIP_WORKAROUND_OFF
  api=1 type=1 insize=7019 outsize=0 kw=LIGHT_ON_SCREEN SPOT_SHAFTS SHOW_SAMPLES_OFF QUAD_SHAFTS FLIP_WORKAROUND_OFF ok=0
Cmd: compileSnippet
  error: 2 plat 1 at (23): failed to open source file: 'Shared.cginc'\nCompiling Fragment program with LIGHT_ON_SCREEN DIRECTIONAL_SHAFTS SHOW_SAMPLES_OFF FLIP_WORKAROUND_ON FRUSTUM_SHAFTS
  api=1 type=1 insize=7019 outsize=0 kw=LIGHT_ON_SCREEN DIRECTIONAL_SHAFTS SHOW_SAMPLES_OFF FLIP_WORKAROUND_ON FRUSTUM_SHAFTS ok=0
Cmd: compileSnippet
  error: 2 plat 1 at (23): failed to open source file: 'Shared.cginc'\nCompiling Fragment program with LIGHT_ON_SCREEN DIRECTIONAL_SHAFTS QUAD_SHAFTS FLIP_WORKAROUND_OFF SHOW_SAMPLES_ON
  api=1 type=1 insize=7019 outsize=0 kw=LIGHT_ON_SCREEN DIRECTIONAL_SHAFTS QUAD_SHAFTS FLIP_WORKAROUND_OFF SHOW_SAMPLES_ON ok=0
Cmd: compileSnippet
  error: 2 plat 1 at (23): failed to open source file: 'Shared.cginc'\nCompiling Fragment program with LIGHT_ON_SCREEN SPOT_SHAFTS QUAD_SHAFTS FLIP_WORKAROUND_ON SHOW_SAMPLES_ON
  api=1 type=1 insize=7019 outsize=0 kw=LIGHT_ON_SCREEN SPOT_SHAFTS QUAD_SHAFTS FLIP_WORKAROUND_ON SHOW_SAMPLES_ON ok=0
Cmd: compileSnippet
  error: 2 plat 1 at (23): failed to open source file: 'Shared.cginc'\nCompiling Fragment program with DIRECTIONAL_SHAFTS LIGHT_OFF_SCREEN SHOW_SAMPLES_OFF QUAD_SHAFTS FLIP_WORKAROUND_OFF
  api=1 type=1 insize=7019 outsize=0 kw=DIRECTIONAL_SHAFTS LIGHT_OFF_SCREEN SHOW_SAMPLES_OFF QUAD_SHAFTS FLIP_WORKAROUND_OFF ok=0
Cmd: compileSnippet
  error: 2 plat 1 at (23): failed to open source file: 'Shared.cginc'\nCompiling Fragment program with SPOT_SHAFTS LIGHT_OFF_SCREEN SHOW_SAMPLES_OFF QUAD_SHAFTS FLIP_WORKAROUND_ON
  api=1 type=1 insize=7019 outsize=0 kw=SPOT_SHAFTS LIGHT_OFF_SCREEN SHOW_SAMPLES_OFF QUAD_SHAFTS FLIP_WORKAROUND_ON ok=0
Cmd: compileSnippet
  error: 2 plat 1 at (23): failed to open source file: 'Shared.cginc'\nCompiling Fragment program with SPOT_SHAFTS LIGHT_OFF_SCREEN SHOW_SAMPLES_OFF FLIP_WORKAROUND_OFF FRUSTUM_SHAFTS
  api=1 type=1 insize=7019 outsize=0 kw=SPOT_SHAFTS LIGHT_OFF_SCREEN SHOW_SAMPLES_OFF FLIP_WORKAROUND_OFF FRUSTUM_SHAFTS ok=0
Cmd: compileSnippet
  error: 2 plat 1 at (23): failed to open source file: 'Shared.cginc'\nCompiling Fragment program with SPOT_SHAFTS LIGHT_OFF_SCREEN QUAD_SHAFTS FLIP_WORKAROUND_OFF SHOW_SAMPLES_ON
  api=1 type=1 insize=7019 outsize=0 kw=SPOT_SHAFTS LIGHT_OFF_SCREEN QUAD_SHAFTS FLIP_WORKAROUND_OFF SHOW_SAMPLES_ON ok=0
Cmd: compileSnippet
  error: 2 plat 1 at (23): failed to open source file: 'Shared.cginc'\nCompiling Fragment program with DIRECTIONAL_SHAFTS LIGHT_OFF_SCREEN FLIP_WORKAROUND_ON FRUSTUM_SHAFTS SHOW_SAMPLES_ON
  api=1 type=1 insize=7019 outsize=0 kw=DIRECTIONAL_SHAFTS LIGHT_OFF_SCREEN FLIP_WORKAROUND_ON FRUSTUM_SHAFTS SHOW_SAMPLES_ON ok=0
Cmd: compileSnippet
  error: 2 plat 1 at (15): failed to open source file: 'Shared.cginc'\nCompiling Vertex program with SPOT_SHAFTS COLORED_ON ATTENUATION_CURVE_ON COOKIE_TEX_OFF
  api=1 type=0 insize=4328 outsize=0 kw=SPOT_SHAFTS COLORED_ON ATTENUATION_CURVE_ON COOKIE_TEX_OFF ok=0
Cmd: compileSnippet
  error: 2 plat 1 at (15): failed to open source file: 'Shared.cginc'\nCompiling Vertex program with DIRECTIONAL_SHAFTS COLORED_ON COOKIE_TEX_OFF ATTENUATION_CURVE_OFF
  api=1 type=0 insize=4328 outsize=0 kw=DIRECTIONAL_SHAFTS COLORED_ON COOKIE_TEX_OFF ATTENUATION_CURVE_OFF ok=0
Cmd: compileSnippet
  error: 2 plat 1 at (15): failed to open source file: 'Shared.cginc'\nCompiling Vertex program with DIRECTIONAL_SHAFTS ATTENUATION_CURVE_ON COOKIE_TEX_OFF COLORED_OFF
  api=1 type=0 insize=4328 outsize=0 kw=DIRECTIONAL_SHAFTS ATTENUATION_CURVE_ON COOKIE_TEX_OFF COLORED_OFF ok=0
Cmd: compileSnippet
  error: 2 plat 1 at (15): failed to open source file: 'Shared.cginc'\nCompiling Vertex program with SPOT_SHAFTS COOKIE_TEX_OFF ATTENUATION_CURVE_OFF COLORED_OFF
  api=1 type=0 insize=4328 outsize=0 kw=SPOT_SHAFTS COOKIE_TEX_OFF ATTENUATION_CURVE_OFF COLORED_OFF ok=0
Cmd: compileSnippet
  error: 2 plat 1 at (15): failed to open source file: 'Shared.cginc'\nCompiling Fragment program with SPOT_SHAFTS COLORED_ON ATTENUATION_CURVE_ON COOKIE_TEX_OFF
  api=1 type=1 insize=4328 outsize=0 kw=SPOT_SHAFTS COLORED_ON ATTENUATION_CURVE_ON COOKIE_TEX_OFF ok=0
Cmd: compileSnippet
  error: 2 plat 1 at (15): failed to open source file: 'Shared.cginc'\nCompiling Fragment program with SPOT_SHAFTS COLORED_ON COOKIE_TEX_OFF ATTENUATION_CURVE_OFF
  api=1 type=1 insize=4328 outsize=0 kw=SPOT_SHAFTS COLORED_ON COOKIE_TEX_OFF ATTENUATION_CURVE_OFF ok=0
Cmd: compileSnippet
  error: 2 plat 1 at (15): failed to open source file: 'Shared.cginc'\nCompiling Fragment program with DIRECTIONAL_SHAFTS ATTENUATION_CURVE_ON COOKIE_TEX_OFF COLORED_OFF
  api=1 type=1 insize=4328 outsize=0 kw=DIRECTIONAL_SHAFTS ATTENUATION_CURVE_ON COOKIE_TEX_OFF COLORED_OFF ok=0
Cmd: compileSnippet
  error: 2 plat 1 at (15): failed to open source file: 'Shared.cginc'\nCompiling Fragment program with DIRECTIONAL_SHAFTS COOKIE_TEX_OFF ATTENUATION_CURVE_OFF COLORED_OFF
  api=1 type=1 insize=4328 outsize=0 kw=DIRECTIONAL_SHAFTS COOKIE_TEX_OFF ATTENUATION_CURVE_OFF COLORED_OFF ok=0
Cmd: compileSnippet
  api=1 type=1 insize=1482 outsize=265 kw=SOFTPARTICLES_ON ok=1
Cmd: compileSnippet
  api=1 type=0 insize=14306 outsize=1117 kw=DIRECTIONAL SHADOWS_OFF LIGHTMAP_OFF DIRLIGHTMAP_OFF DYNAMICLIGHTMAP_OFF VERTEXLIGHT_ON ok=1
Cmd: compileSnippet
  api=1 type=0 insize=14306 outsize=987 kw=DIRECTIONAL SHADOWS_SCREEN LIGHTMAP_OFF DIRLIGHTMAP_OFF DYNAMICLIGHTMAP_OFF PIXELSNAP_ON ok=1
Cmd: compileSnippet
  api=1 type=1 insize=14306 outsize=340 kw=DIRECTIONAL SHADOWS_SCREEN LIGHTMAP_OFF DIRLIGHTMAP_OFF DYNAMICLIGHTMAP_OFF PIXELSNAP_ON ok=1
Cmd: compileSnippet
  api=1 type=0 insize=7914 outsize=369 kw=SPOT ok=1
Cmd: compileSnippet
  api=1 type=0 insize=7914 outsize=640 kw=DIRECTIONAL PIXELSNAP_ON ok=1
Cmd: compileSnippet
  api=1 type=1 insize=7914 outsize=364 kw=DIRECTIONAL_COOKIE ok=1
Cmd: compileSnippet
  api=1 type=1 insize=7914 outsize=437 kw=POINT PIXELSNAP_ON ok=1
Cmd: compileSnippet
  api=1 type=1 insize=7914 outsize=364 kw=DIRECTIONAL_COOKIE PIXELSNAP_ON ok=1
Cmd: compileSnippet
  api=1 type=1 insize=6672 outsize=106 kw=PIXELSNAP_ON ok=1
Cmd: compileSnippet
  api=1 type=0 insize=12632 outsize=986 kw=LIGHTMAP_OFF DIRLIGHTMAP_OFF DYNAMICLIGHTMAP_OFF HDR_LIGHT_PREPASS_OFF PIXELSNAP_ON ok=1
Cmd: compileSnippet
  api=1 type=1 insize=12632 outsize=260 kw=LIGHTMAP_OFF DIRLIGHTMAP_OFF DYNAMICLIGHTMAP_OFF HDR_LIGHT_PREPASS_OFF PIXELSNAP_ON ok=1
Cmd: compileSnippet
  api=1 type=0 insize=12780 outsize=864 kw=LIGHTMAP_OFF DIRLIGHTMAP_OFF DYNAMICLIGHTMAP_OFF HDR_LIGHT_PREPASS_OFF PIXELSNAP_ON ok=1
Cmd: compileSnippet
  api=1 type=1 insize=12780 outsize=328 kw=LIGHTMAP_OFF DIRLIGHTMAP_OFF DYNAMICLIGHTMAP_OFF UNITY_HDR_ON ok=1
Cmd: compileSnippet
  api=1 type=0 insize=541 outsize=172 kw=SHADOWS_CUBE ok=1
Cmd: compileSnippet
  api=1 type=0 insize=6810 outsize=1215 kw=DIRECTIONAL SHADOWS_SCREEN LIGHTMAP_OFF DIRLIGHTMAP_OFF DYNAMICLIGHTMAP_OFF VERTEXLIGHT_ON ok=1
Cmd: compileSnippet
  api=1 type=0 insize=3647 outsize=339 kw=POINT_COOKIE ok=1
Cmd: compileSnippet
  api=1 type=1 insize=3647 outsize=585 kw=SPOT ok=1
Cmd: compileSnippet
  api=1 type=0 insize=5995 outsize=707 kw=LIGHTMAP_OFF DIRLIGHTMAP_OFF DYNAMICLIGHTMAP_OFF UNITY_HDR_ON ok=1
Cmd: compileSnippet
  api=1 type=0 insize=5928 outsize=595 kw=LIGHTMAP_OFF DIRLIGHTMAP_OFF DYNAMICLIGHTMAP_OFF UNITY_HDR_ON ok=1
Cmd: compileSnippet
  api=1 type=0 insize=1275 outsize=441 kw=DIRECTIONAL SHADOWS_OFF ok=1
Cmd: compileSnippet
  api=1 type=0 insize=1275 outsize=441 kw=SPOT SHADOWS_DEPTH SHADOWS_NATIVE ok=1
Cmd: compileSnippet
  api=1 type=0 insize=1275 outsize=441 kw=POINT_COOKIE SHADOWS_CUBE ok=1
Cmd: compileSnippet
  api=1 type=1 insize=1275 outsize=1230 kw=DIRECTIONAL SHADOWS_OFF ok=1
Cmd: compileSnippet
  api=1 type=1 insize=1275 outsize=1777 kw=SPOT SHADOWS_DEPTH SHADOWS_NATIVE ok=1
Cmd: compileSnippet
  api=1 type=1 insize=1275 outsize=1894 kw=POINT SHADOWS_CUBE SHADOWS_SOFT ok=1
Cmd: compileSnippet
  api=1 type=0 insize=1268 outsize=441 kw=SPOT SHADOWS_OFF ok=1
Cmd: compileSnippet
  api=1 type=0 insize=1268 outsize=441 kw=DIRECTIONAL_COOKIE SHADOWS_OFF ok=1
Cmd: compileSnippet
  api=1 type=0 insize=1268 outsize=441 kw=POINT SHADOWS_CUBE ok=1
Cmd: compileSnippet
  api=1 type=0 insize=1268 outsize=441 kw=POINT_COOKIE SHADOWS_CUBE SHADOWS_SOFT ok=1
Cmd: compileSnippet
  api=1 type=1 insize=1268 outsize=1151 kw=DIRECTIONAL SHADOWS_OFF ok=1
Cmd: compileSnippet
  api=1 type=1 insize=1268 outsize=1323 kw=DIRECTIONAL_COOKIE SHADOWS_OFF ok=1
Cmd: compileSnippet
  api=1 type=1 insize=1268 outsize=1537 kw=POINT SHADOWS_CUBE ok=1
Cmd: compileSnippet
  api=1 type=1 insize=1268 outsize=1938 kw=POINT_COOKIE SHADOWS_CUBE SHADOWS_SOFT ok=1
Cmd: compileSnippet
  api=1 type=0 insize=1273 outsize=441 kw=POINT_COOKIE SHADOWS_OFF ok=1
Cmd: compileSnippet
  api=1 type=0 insize=1273 outsize=441 kw=DIRECTIONAL SHADOWS_SCREEN ok=1
Cmd: compileSnippet
  api=1 type=0 insize=1273 outsize=441 kw=POINT SHADOWS_CUBE ok=1
Cmd: compileSnippet
  api=1 type=0 insize=1273 outsize=441 kw=POINT_COOKIE SHADOWS_CUBE SHADOWS_SOFT ok=1
Cmd: compileSnippet
  api=1 type=1 insize=1273 outsize=1156 kw=DIRECTIONAL SHADOWS_OFF ok=1
Cmd: compileSnippet
  api=1 type=1 insize=1273 outsize=1318 kw=DIRECTIONAL_COOKIE SHADOWS_OFF ok=1
Cmd: compileSnippet
  api=1 type=1 insize=1273 outsize=1542 kw=POINT SHADOWS_CUBE ok=1
Cmd: compileSnippet
  api=1 type=1 insize=1273 outsize=1943 kw=POINT_COOKIE SHADOWS_CUBE SHADOWS_SOFT ok=1
Cmd: compileSnippet
  api=1 type=0 insize=1934 outsize=441 kw=DIRECTIONAL SHADOWS_OFF ok=1
Cmd: compileSnippet
  api=1 type=0 insize=1934 outsize=441 kw=DIRECTIONAL_COOKIE SHADOWS_OFF ok=1
Cmd: compileSnippet
  api=1 type=0 insize=1934 outsize=441 kw=SPOT SHADOWS_DEPTH SHADOWS_SOFT SHADOWS_NATIVE ok=1
Cmd: compileSnippet
  api=1 type=0 insize=1934 outsize=441 kw=DIRECTIONAL SHADOWS_OFF UNITY_HDR_ON ok=1
Cmd: compileSnippet
  api=1 type=0 insize=1934 outsize=441 kw=DIRECTIONAL_COOKIE SHADOWS_OFF UNITY_HDR_ON ok=1
Cmd: compileSnippet
  api=1 type=0 insize=1934 outsize=441 kw=POINT SHADOWS_CUBE UNITY_HDR_ON ok=1
Cmd: compileSnippet
  api=1 type=0 insize=1934 outsize=441 kw=POINT_COOKIE SHADOWS_CUBE SHADOWS_SOFT UNITY_HDR_ON ok=1
Cmd: compileSnippet
  api=1 type=1 insize=1934 outsize=2485 kw=POINT_COOKIE SHADOWS_OFF ok=1
Cmd: compileSnippet
  api=1 type=1 insize=1934 outsize=2865 kw=SPOT SHADOWS_DEPTH SHADOWS_NATIVE ok=1
Cmd: compileSnippet
  api=1 type=1 insize=1934 outsize=3109 kw=SPOT SHADOWS_DEPTH SHADOWS_SOFT SHADOWS_NATIVE ok=1
Cmd: compileSnippet
  api=1 type=1 insize=1934 outsize=2443 kw=SPOT SHADOWS_OFF UNITY_HDR_ON ok=1
Cmd: compileSnippet
  api=1 type=1 insize=1934 outsize=2445 kw=DIRECTIONAL SHADOWS_SCREEN UNITY_HDR_ON ok=1
Cmd: compileSnippet
  api=1 type=1 insize=1934 outsize=3048 kw=SPOT SHADOWS_DEPTH SHADOWS_SOFT SHADOWS_NATIVE UNITY_HDR_ON ok=1
Unhandled exception: Readfile from pipe failed. GLE=The pipe has been ended.


Quitting shader compiler process
